<?xml version="1.0" encoding="UTF-8"?>
<!-- Generated by org.testng.reporters.JUnitXMLReporter -->
<testsuite ignored="0" hostname="LAPTOP-BL7BE9R9" failures="3" tests="12" name="Test" time="0.134" errors="0" timestamp="2023-05-12T09:59:07 IST">
  <testcase classname="ReRunFailedscript.TestClass6" name="test1" time="0.018"/>
  <testcase classname="ReRunFailedscript.TestClass6" name="test2" time="0.006">
    <failure type="java.lang.AssertionError" message="null">
      <![CDATA[java.lang.AssertionError: null
at ReRunFailedscript.TestClass6.test2(TestClass6.java:16)
at java.base/java.util.ArrayList.forEach(ArrayList.java:1511)
... Removed 29 stack frames]]>
    </failure>
  </testcase> <!-- test2 -->
  <testcase classname="ReRunFailedscript.TestClass1" name="test1" time="0.002"/>
  <testcase classname="ReRunFailedscript.TestClass1" name="test2" time="0.002"/>
  <testcase classname="ReRunFailedscript.TestClass4" name="test1" time="0.002"/>
  <testcase classname="ReRunFailedscript.TestClass4" name="test2" time="0.003">
    <failure type="java.lang.AssertionError" message="null">
      <![CDATA[java.lang.AssertionError: null
at ReRunFailedscript.TestClass4.test2(TestClass4.java:15)
at java.base/java.util.ArrayList.forEach(ArrayList.java:1511)
... Removed 29 stack frames]]>
    </failure>
  </testcase> <!-- test2 -->
  <testcase classname="ReRunFailedscript.TestClass5" name="test1" time="0.002"/>
  <testcase classname="ReRunFailedscript.TestClass5" name="test2" time="0.002"/>
  <testcase classname="ReRunFailedscript.TestClass2" name="test1" time="0.002"/>
  <testcase classname="ReRunFailedscript.TestClass2" name="test2" time="0.002"/>
  <testcase classname="ReRunFailedscript.TestClass3" name="test1" time="0.002">
    <failure type="java.lang.AssertionError" message="null">
      <![CDATA[java.lang.AssertionError: null
at ReRunFailedscript.TestClass3.test1(TestClass3.java:12)
at java.base/java.util.ArrayList.forEach(ArrayList.java:1511)
... Removed 29 stack frames]]>
    </failure>
  </testcase> <!-- test1 -->
  <testcase classname="ReRunFailedscript.TestClass3" name="test2" time="0.002"/>
</testsuite> <!-- Test -->
