<?xml version="1.0" encoding="UTF-8"?>
<!-- Generated by org.testng.reporters.JUnitXMLReporter -->
<testsuite ignored="3" hostname="LAPTOP-BL7BE9R9" failures="0" tests="3" name="Test(failed)" time="0.087" errors="0" timestamp="2023-05-12T10:00:22 IST">
  <testcase classname="ReRunFailedscript.TestClass3" name="test1" time="0.016"/>
  <testcase classname="ReRunFailedscript.TestClass6" name="test2" time="0.002"/>
  <testcase classname="ReRunFailedscript.TestClass4" name="test2" time="0.002"/>
  <testcase classname="ReRunFailedscript.TestClass4" name="test1" time="0.0">
    <ignored/>
  </testcase> <!-- test1 -->
  <testcase classname="ReRunFailedscript.TestClass6" name="test1" time="0.0">
    <ignored/>
  </testcase> <!-- test1 -->
  <testcase classname="ReRunFailedscript.TestClass3" name="test2" time="0.0">
    <ignored/>
  </testcase> <!-- test2 -->
</testsuite> <!-- Test(failed) -->
